c:\users\yuqiaodeng\desktop\x265_2.2\build\vc12-x86\cmakefiles\generate.stamp
c:\users\yuqiaodeng\desktop\x265_2.2\build\vc12-x86\pixel-a.asm.obj
c:\users\yuqiaodeng\desktop\x265_2.2\build\vc12-x86\const-a.asm.obj
c:\users\yuqiaodeng\desktop\x265_2.2\build\vc12-x86\cpu-a.asm.obj
c:\users\yuqiaodeng\desktop\x265_2.2\build\vc12-x86\ssd-a.asm.obj
c:\users\yuqiaodeng\desktop\x265_2.2\build\vc12-x86\mc-a.asm.obj
c:\users\yuqiaodeng\desktop\x265_2.2\build\vc12-x86\mc-a2.asm.obj
c:\users\yuqiaodeng\desktop\x265_2.2\build\vc12-x86\pixel-util8.asm.obj
c:\users\yuqiaodeng\desktop\x265_2.2\build\vc12-x86\blockcopy8.asm.obj
c:\users\yuqiaodeng\desktop\x265_2.2\build\vc12-x86\pixeladd8.asm.obj
c:\users\yuqiaodeng\desktop\x265_2.2\build\vc12-x86\dct8.asm.obj
c:\users\yuqiaodeng\desktop\x265_2.2\build\vc12-x86\sad-a.asm.obj
c:\users\yuqiaodeng\desktop\x265_2.2\build\vc12-x86\intrapred8.asm.obj
c:\users\yuqiaodeng\desktop\x265_2.2\build\vc12-x86\intrapred8_allangs.asm.obj
c:\users\yuqiaodeng\desktop\x265_2.2\build\vc12-x86\ipfilter8.asm.obj
c:\users\yuqiaodeng\desktop\x265_2.2\build\vc12-x86\loopfilter.asm.obj
c:\users\yuqiaodeng\desktop\x265_2.2\build\vc12-x86\pixel-32.asm.obj
c:\users\yuqiaodeng\desktop\x265_2.2\build\vc12-x86\x265-shared.dir\debug\x265-shared.tlog\custombuild.command.1.tlog
c:\users\yuqiaodeng\desktop\x265_2.2\build\vc12-x86\x265-shared.dir\debug\x265-shared.tlog\custombuild.read.1.tlog
c:\users\yuqiaodeng\desktop\x265_2.2\build\vc12-x86\x265-shared.dir\debug\x265-shared.tlog\custombuild.write.1.tlog
