生成启动时间为 2017/1/8 9:39:49。
     1>项目“C:\Users\YuqiaoDeng\Desktop\x265_2.2\build\vc12-x86\x265-static.vcxproj”在节点 3 上(Rebuild 个目标)。
     1>CustomBuild:
         Building Custom Rule C:/Users/YuqiaoDeng/Desktop/x265_2.2/source/CMakeLists.txt
         CMake does not need to re-run because C:\Users\YuqiaoDeng\Desktop\x265_2.2\build\vc12-x86\CMakeFiles\generate.stamp is up-to-date.
         Generating pixel-a.asm.obj
         Generating const-a.asm.obj
         Generating cpu-a.asm.obj
         Generating ssd-a.asm.obj
         Generating mc-a.asm.obj
         Generating mc-a2.asm.obj
         Generating pixel-util8.asm.obj
         Generating blockcopy8.asm.obj
         Generating pixeladd8.asm.obj
         Generating dct8.asm.obj
         Generating sad-a.asm.obj
         Generating intrapred8.asm.obj
         Generating intrapred8_allangs.asm.obj
         Generating ipfilter8.asm.obj
         Generating loopfilter.asm.obj
         Generating pixel-32.asm.obj
       Lib:
         D:\Microsoft Visual Studio 12.0\VC\bin\Lib.exe /OUT:"C:\Users\YuqiaoDeng\Desktop\x265_2.2\build\vc12-x86\Debug\x265-static.lib" /NOLOGO  /machine:X86 "C:\Users\YuqiaoDeng\Desktop\x265_2.2\build\vc12-x86\pixel-a.asm.obj"
         "C:\Users\YuqiaoDeng\Desktop\x265_2.2\build\vc12-x86\const-a.asm.obj"
         "C:\Users\YuqiaoDeng\Desktop\x265_2.2\build\vc12-x86\cpu-a.asm.obj"
         "C:\Users\YuqiaoDeng\Desktop\x265_2.2\build\vc12-x86\ssd-a.asm.obj"
         "C:\Users\YuqiaoDeng\Desktop\x265_2.2\build\vc12-x86\mc-a.asm.obj"
         "C:\Users\YuqiaoDeng\Desktop\x265_2.2\build\vc12-x86\mc-a2.asm.obj"
         "C:\Users\YuqiaoDeng\Desktop\x265_2.2\build\vc12-x86\pixel-util8.asm.obj"
         "C:\Users\YuqiaoDeng\Desktop\x265_2.2\build\vc12-x86\blockcopy8.asm.obj"
         "C:\Users\YuqiaoDeng\Desktop\x265_2.2\build\vc12-x86\pixeladd8.asm.obj"
         "C:\Users\YuqiaoDeng\Desktop\x265_2.2\build\vc12-x86\dct8.asm.obj"
         "C:\Users\YuqiaoDeng\Desktop\x265_2.2\build\vc12-x86\sad-a.asm.obj"
         "C:\Users\YuqiaoDeng\Desktop\x265_2.2\build\vc12-x86\intrapred8.asm.obj"
         "C:\Users\YuqiaoDeng\Desktop\x265_2.2\build\vc12-x86\intrapred8_allangs.asm.obj"
         "C:\Users\YuqiaoDeng\Desktop\x265_2.2\build\vc12-x86\ipfilter8.asm.obj"
         "C:\Users\YuqiaoDeng\Desktop\x265_2.2\build\vc12-x86\loopfilter.asm.obj"
         "C:\Users\YuqiaoDeng\Desktop\x265_2.2\build\vc12-x86\pixel-32.asm.obj"
         "C:\Users\YuqiaoDeng\Desktop\x265_2.2\build\vc12-x86\encoder\encoder.dir\Debug\analysis.obj"
         "C:\Users\YuqiaoDeng\Desktop\x265_2.2\build\vc12-x86\encoder\encoder.dir\Debug\search.obj"
         "C:\Users\YuqiaoDeng\Desktop\x265_2.2\build\vc12-x86\encoder\encoder.dir\Debug\bitcost.obj"
         "C:\Users\YuqiaoDeng\Desktop\x265_2.2\build\vc12-x86\encoder\encoder.dir\Debug\motion.obj"
         "C:\Users\YuqiaoDeng\Desktop\x265_2.2\build\vc12-x86\encoder\encoder.dir\Debug\slicetype.obj"
         "C:\Users\YuqiaoDeng\Desktop\x265_2.2\build\vc12-x86\encoder\encoder.dir\Debug\frameencoder.obj"
         "C:\Users\YuqiaoDeng\Desktop\x265_2.2\build\vc12-x86\encoder\encoder.dir\Debug\framefilter.obj"
         "C:\Users\YuqiaoDeng\Desktop\x265_2.2\build\vc12-x86\encoder\encoder.dir\Debug\level.obj"
         "C:\Users\YuqiaoDeng\Desktop\x265_2.2\build\vc12-x86\encoder\encoder.dir\Debug\nal.obj"
         "C:\Users\YuqiaoDeng\Desktop\x265_2.2\build\vc12-x86\encoder\encoder.dir\Debug\sei.obj"
         "C:\Users\YuqiaoDeng\Desktop\x265_2.2\build\vc12-x86\encoder\encoder.dir\Debug\sao.obj"
         "C:\Users\YuqiaoDeng\Desktop\x265_2.2\build\vc12-x86\encoder\encoder.dir\Debug\entropy.obj"
         "C:\Users\YuqiaoDeng\Desktop\x265_2.2\build\vc12-x86\encoder\encoder.dir\Debug\dpb.obj"
         "C:\Users\YuqiaoDeng\Desktop\x265_2.2\build\vc12-x86\encoder\encoder.dir\Debug\ratecontrol.obj"
         "C:\Users\YuqiaoDeng\Desktop\x265_2.2\build\vc12-x86\encoder\encoder.dir\Debug\reference.obj"
         "C:\Users\YuqiaoDeng\Desktop\x265_2.2\build\vc12-x86\encoder\encoder.dir\Debug\encoder.obj"
         "C:\Users\YuqiaoDeng\Desktop\x265_2.2\build\vc12-x86\encoder\encoder.dir\Debug\api.obj"
         "C:\Users\YuqiaoDeng\Desktop\x265_2.2\build\vc12-x86\encoder\encoder.dir\Debug\weightPrediction.obj"
         "C:\Users\YuqiaoDeng\Desktop\x265_2.2\build\vc12-x86\common\common.dir\Debug\asm-primitives.obj"
         "C:\Users\YuqiaoDeng\Desktop\x265_2.2\build\vc12-x86\common\common.dir\Debug\vec-primitives.obj"
         "C:\Users\YuqiaoDeng\Desktop\x265_2.2\build\vc12-x86\common\common.dir\Debug\dct-sse3.obj"
         "C:\Users\YuqiaoDeng\Desktop\x265_2.2\build\vc12-x86\common\common.dir\Debug\dct-ssse3.obj"
         "C:\Users\YuqiaoDeng\Desktop\x265_2.2\build\vc12-x86\common\common.dir\Debug\dct-sse41.obj"
         "C:\Users\YuqiaoDeng\Desktop\x265_2.2\build\vc12-x86\common\common.dir\Debug\winxp.obj"
         "C:\Users\YuqiaoDeng\Desktop\x265_2.2\build\vc12-x86\common\common.dir\Debug\primitives.obj"
         "C:\Users\YuqiaoDeng\Desktop\x265_2.2\build\vc12-x86\common\common.dir\Debug\pixel.obj"
         "C:\Users\YuqiaoDeng\Desktop\x265_2.2\build\vc12-x86\common\common.dir\Debug\dct.obj"
         "C:\Users\YuqiaoDeng\Desktop\x265_2.2\build\vc12-x86\common\common.dir\Debug\ipfilter.obj"
         "C:\Users\YuqiaoDeng\Desktop\x265_2.2\build\vc12-x86\common\common.dir\Debug\intrapred.obj"
         "C:\Users\YuqiaoDeng\Desktop\x265_2.2\build\vc12-x86\common\common.dir\Debug\loopfilter.obj"
         "C:\Users\YuqiaoDeng\Desktop\x265_2.2\build\vc12-x86\common\common.dir\Debug\constants.obj"
         "C:\Users\YuqiaoDeng\Desktop\x265_2.2\build\vc12-x86\common\common.dir\Debug\cpu.obj"
         "C:\Users\YuqiaoDeng\Desktop\x265_2.2\build\vc12-x86\common\common.dir\Debug\version.obj"
         "C:\Users\YuqiaoDeng\Desktop\x265_2.2\build\vc12-x86\common\common.dir\Debug\threading.obj"
         "C:\Users\YuqiaoDeng\Desktop\x265_2.2\build\vc12-x86\common\common.dir\Debug\threadpool.obj"
         "C:\Users\YuqiaoDeng\Desktop\x265_2.2\build\vc12-x86\common\common.dir\Debug\wavefront.obj"
         "C:\Users\YuqiaoDeng\Desktop\x265_2.2\build\vc12-x86\common\common.dir\Debug\md5.obj"
         "C:\Users\YuqiaoDeng\Desktop\x265_2.2\build\vc12-x86\common\common.dir\Debug\bitstream.obj"
         "C:\Users\YuqiaoDeng\Desktop\x265_2.2\build\vc12-x86\common\common.dir\Debug\yuv.obj"
         "C:\Users\YuqiaoDeng\Desktop\x265_2.2\build\vc12-x86\common\common.dir\Debug\shortyuv.obj"
         "C:\Users\YuqiaoDeng\Desktop\x265_2.2\build\vc12-x86\common\common.dir\Debug\picyuv.obj"
         "C:\Users\YuqiaoDeng\Desktop\x265_2.2\build\vc12-x86\common\common.dir\Debug\common.obj"
         "C:\Users\YuqiaoDeng\Desktop\x265_2.2\build\vc12-x86\common\common.dir\Debug\param.obj"
         "C:\Users\YuqiaoDeng\Desktop\x265_2.2\build\vc12-x86\common\common.dir\Debug\frame.obj"
         "C:\Users\YuqiaoDeng\Desktop\x265_2.2\build\vc12-x86\common\common.dir\Debug\framedata.obj"
         "C:\Users\YuqiaoDeng\Desktop\x265_2.2\build\vc12-x86\common\common.dir\Debug\cudata.obj"
         "C:\Users\YuqiaoDeng\Desktop\x265_2.2\build\vc12-x86\common\common.dir\Debug\slice.obj"
         "C:\Users\YuqiaoDeng\Desktop\x265_2.2\build\vc12-x86\common\common.dir\Debug\lowres.obj"
         "C:\Users\YuqiaoDeng\Desktop\x265_2.2\build\vc12-x86\common\common.dir\Debug\piclist.obj"
         "C:\Users\YuqiaoDeng\Desktop\x265_2.2\build\vc12-x86\common\common.dir\Debug\predict.obj"
         "C:\Users\YuqiaoDeng\Desktop\x265_2.2\build\vc12-x86\common\common.dir\Debug\scalinglist.obj"
         "C:\Users\YuqiaoDeng\Desktop\x265_2.2\build\vc12-x86\common\common.dir\Debug\quant.obj"
         "C:\Users\YuqiaoDeng\Desktop\x265_2.2\build\vc12-x86\common\common.dir\Debug\deblock.obj"
         x265-static.vcxproj -> C:\Users\YuqiaoDeng\Desktop\x265_2.2\build\vc12-x86\Debug\x265-static.lib
     1>已完成生成项目“C:\Users\YuqiaoDeng\Desktop\x265_2.2\build\vc12-x86\x265-static.vcxproj”(Rebuild 个目标)的操作。

生成成功。

已用时间 00:00:54.52
