生成启动时间为 2017/1/8 9:39:34。
     1>项目“C:\Users\YuqiaoDeng\Desktop\x265_2.2\build\vc12-x86\common\common.vcxproj”在节点 2 上(Rebuild 个目标)。
     1>CustomBuild:
         Building Custom Rule C:/Users/YuqiaoDeng/Desktop/x265_2.2/source/common/CMakeLists.txt
         CMake does not need to re-run because C:\Users\YuqiaoDeng\Desktop\x265_2.2\build\vc12-x86\common\CMakeFiles\generate.stamp is up-to-date.
       ClCompile:
         D:\Microsoft Visual Studio 12.0\VC\bin\CL.exe /c /IC:\Users\YuqiaoDeng\Desktop\x265_2.2\source\. /IC:\Users\YuqiaoDeng\Desktop\x265_2.2\source\common /IC:\Users\YuqiaoDeng\Desktop\x265_2.2\source\encoder /I"C:\Users\YuqiaoDeng\Desktop\x265_2.2\build\vc12-x86" /Zi /nologo /W4 /WX- /MP /Od /Ob2 /Oy- /D WIN32 /D _WINDOWS /D _DEBUG /D X265_ARCH_X86=1 /D _CRT_SECURE_NO_WARNINGS /D HAVE_INT_TYPES_H=1 /D HIGH_BIT_DEPTH=0 /D X265_DEPTH=8 /D EXPORT_C_API=1 /D X265_NS=x265 /D _WIN32_WINNT=_WIN32_WINNT_WIN7 /D "CMAKE_INTDIR=\"Debug\"" /D _MBCS /Gm- /EHsc /RTC1 /MDd /GS /fp:precise /Zc:wchar_t /Zc:forScope /GR /Fo"common.dir\Debug\\" /Fd"common.dir\Debug\vc120.pdb" /Gd /TP /analyze- /errorReport:prompt "C:\Users\YuqiaoDeng\Desktop\x265_2.2\source\common\x86\asm-primitives.cpp" "C:\Users\YuqiaoDeng\Desktop\x265_2.2\source\common\vec\vec-primitives.cpp" C:\Users\YuqiaoDeng\Desktop\x265_2.2\source\common\winxp.cpp C:\Users\YuqiaoDeng\Desktop\x265_2.2\source\common\pixel.cpp C:\Users\YuqiaoDeng\Desktop\x265_2.2\source\common\dct.cpp C:\Users\YuqiaoDeng\Desktop\x265_2.2\source\common\ipfilter.cpp C:\Users\YuqiaoDeng\Desktop\x265_2.2\source\common\intrapred.cpp C:\Users\YuqiaoDeng\Desktop\x265_2.2\source\common\loopfilter.cpp C:\Users\YuqiaoDeng\Desktop\x265_2.2\source\common\constants.cpp C:\Users\YuqiaoDeng\Desktop\x265_2.2\source\common\cpu.cpp C:\Users\YuqiaoDeng\Desktop\x265_2.2\source\common\threadpool.cpp C:\Users\YuqiaoDeng\Desktop\x265_2.2\source\common\wavefront.cpp C:\Users\YuqiaoDeng\Desktop\x265_2.2\source\common\md5.cpp C:\Users\YuqiaoDeng\Desktop\x265_2.2\source\common\bitstream.cpp C:\Users\YuqiaoDeng\Desktop\x265_2.2\source\common\yuv.cpp C:\Users\YuqiaoDeng\Desktop\x265_2.2\source\common\shortyuv.cpp C:\Users\YuqiaoDeng\Desktop\x265_2.2\source\common\picyuv.cpp C:\Users\YuqiaoDeng\Desktop\x265_2.2\source\common\common.cpp C:\Users\YuqiaoDeng\Desktop\x265_2.2\source\common\param.cpp C:\Users\YuqiaoDeng\Desktop\x265_2.2\source\common\frame.cpp C:\Users\YuqiaoDeng\Desktop\x265_2.2\source\common\framedata.cpp C:\Users\YuqiaoDeng\Desktop\x265_2.2\source\common\cudata.cpp C:\Users\YuqiaoDeng\Desktop\x265_2.2\source\common\slice.cpp C:\Users\YuqiaoDeng\Desktop\x265_2.2\source\common\lowres.cpp C:\Users\YuqiaoDeng\Desktop\x265_2.2\source\common\piclist.cpp C:\Users\YuqiaoDeng\Desktop\x265_2.2\source\common\predict.cpp C:\Users\YuqiaoDeng\Desktop\x265_2.2\source\common\scalinglist.cpp C:\Users\YuqiaoDeng\Desktop\x265_2.2\source\common\quant.cpp C:\Users\YuqiaoDeng\Desktop\x265_2.2\source\common\deblock.cpp
         asm-primitives.cpp
         vec-primitives.cpp
         winxp.cpp
         pixel.cpp
         dct.cpp
         ipfilter.cpp
         intrapred.cpp
         loopfilter.cpp
         constants.cpp
         cpu.cpp
         threadpool.cpp
         wavefront.cpp
         md5.cpp
         bitstream.cpp
         yuv.cpp
         shortyuv.cpp
         picyuv.cpp
         common.cpp
         param.cpp
         frame.cpp
         framedata.cpp
         cudata.cpp
         slice.cpp
         lowres.cpp
         piclist.cpp
         predict.cpp
         scalinglist.cpp
         quant.cpp
         deblock.cpp
         D:\Microsoft Visual Studio 12.0\VC\bin\CL.exe /c /IC:\Users\YuqiaoDeng\Desktop\x265_2.2\source\. /IC:\Users\YuqiaoDeng\Desktop\x265_2.2\source\common /IC:\Users\YuqiaoDeng\Desktop\x265_2.2\source\encoder /I"C:\Users\YuqiaoDeng\Desktop\x265_2.2\build\vc12-x86" /Zi /nologo /W4 /WX- /MP /Od /Ob2 /Oy- /D WIN32 /D _WINDOWS /D _DEBUG /D X265_ARCH_X86=1 /D _CRT_SECURE_NO_WARNINGS /D HAVE_INT_TYPES_H=1 /D HIGH_BIT_DEPTH=0 /D X265_DEPTH=8 /D EXPORT_C_API=1 /D X265_NS=x265 /D _WIN32_WINNT=_WIN32_WINNT_WIN7 /D "CMAKE_INTDIR=\"Debug\"" /D _MBCS /Gm- /EHsc /RTC1 /MDd /GS /arch:SSE2 /fp:precise /Zc:wchar_t /Zc:forScope /GR /Fo"common.dir\Debug\\" /Fd"common.dir\Debug\vc120.pdb" /Gd /TP /wd4100 /analyze- /errorReport:prompt "C:\Users\YuqiaoDeng\Desktop\x265_2.2\source\common\vec\dct-sse3.cpp" "C:\Users\YuqiaoDeng\Desktop\x265_2.2\source\common\vec\dct-ssse3.cpp" "C:\Users\YuqiaoDeng\Desktop\x265_2.2\source\common\vec\dct-sse41.cpp"
         dct-sse3.cpp
         dct-ssse3.cpp
         dct-sse41.cpp
         D:\Microsoft Visual Studio 12.0\VC\bin\CL.exe /c /IC:\Users\YuqiaoDeng\Desktop\x265_2.2\source\. /IC:\Users\YuqiaoDeng\Desktop\x265_2.2\source\common /IC:\Users\YuqiaoDeng\Desktop\x265_2.2\source\encoder /I"C:\Users\YuqiaoDeng\Desktop\x265_2.2\build\vc12-x86" /Zi /nologo /W4 /WX- /MP /Od /Ob2 /Oy- /D ENABLE_ASSEMBLY=1 /D WIN32 /D _WINDOWS /D _DEBUG /D X265_ARCH_X86=1 /D _CRT_SECURE_NO_WARNINGS /D HAVE_INT_TYPES_H=1 /D HIGH_BIT_DEPTH=0 /D X265_DEPTH=8 /D EXPORT_C_API=1 /D X265_NS=x265 /D _WIN32_WINNT=_WIN32_WINNT_WIN7 /D "CMAKE_INTDIR=\"Debug\"" /D _MBCS /Gm- /EHsc /RTC1 /MDd /GS /fp:precise /Zc:wchar_t /Zc:forScope /GR /Fo"common.dir\Debug\\" /Fd"common.dir\Debug\vc120.pdb" /Gd /TP /analyze- /errorReport:prompt C:\Users\YuqiaoDeng\Desktop\x265_2.2\source\common\primitives.cpp C:\Users\YuqiaoDeng\Desktop\x265_2.2\source\common\threading.cpp
         primitives.cpp
         threading.cpp
         D:\Microsoft Visual Studio 12.0\VC\bin\CL.exe /c /IC:\Users\YuqiaoDeng\Desktop\x265_2.2\source\. /IC:\Users\YuqiaoDeng\Desktop\x265_2.2\source\common /IC:\Users\YuqiaoDeng\Desktop\x265_2.2\source\encoder /I"C:\Users\YuqiaoDeng\Desktop\x265_2.2\build\vc12-x86" /Zi /nologo /W4 /WX- /MP /Od /Ob2 /Oy- /D X265_VERSION=2.2 /D ENABLE_ASSEMBLY=1 /D WIN32 /D _WINDOWS /D _DEBUG /D X265_ARCH_X86=1 /D _CRT_SECURE_NO_WARNINGS /D HAVE_INT_TYPES_H=1 /D HIGH_BIT_DEPTH=0 /D X265_DEPTH=8 /D EXPORT_C_API=1 /D X265_NS=x265 /D _WIN32_WINNT=_WIN32_WINNT_WIN7 /D "CMAKE_INTDIR=\"Debug\"" /D _MBCS /Gm- /EHsc /RTC1 /MDd /GS /fp:precise /Zc:wchar_t /Zc:forScope /GR /Fo"common.dir\Debug\\" /Fd"common.dir\Debug\vc120.pdb" /Gd /TP /analyze- /errorReport:prompt C:\Users\YuqiaoDeng\Desktop\x265_2.2\source\common\version.cpp
         version.cpp
       Lib:
         D:\Microsoft Visual Studio 12.0\VC\bin\Lib.exe /OUT:"common.dir\Debug\common.lib" /NOLOGO  /machine:X86 "common.dir\Debug\asm-primitives.obj"
         "common.dir\Debug\vec-primitives.obj"
         "common.dir\Debug\dct-sse3.obj"
         "common.dir\Debug\dct-ssse3.obj"
         "common.dir\Debug\dct-sse41.obj"
         common.dir\Debug\winxp.obj
         common.dir\Debug\primitives.obj
         common.dir\Debug\pixel.obj
         common.dir\Debug\dct.obj
         common.dir\Debug\ipfilter.obj
         common.dir\Debug\intrapred.obj
         common.dir\Debug\loopfilter.obj
         common.dir\Debug\constants.obj
         common.dir\Debug\cpu.obj
         common.dir\Debug\version.obj
         common.dir\Debug\threading.obj
         common.dir\Debug\threadpool.obj
         common.dir\Debug\wavefront.obj
         common.dir\Debug\md5.obj
         common.dir\Debug\bitstream.obj
         common.dir\Debug\yuv.obj
         common.dir\Debug\shortyuv.obj
         common.dir\Debug\picyuv.obj
         common.dir\Debug\common.obj
         common.dir\Debug\param.obj
         common.dir\Debug\frame.obj
         common.dir\Debug\framedata.obj
         common.dir\Debug\cudata.obj
         common.dir\Debug\slice.obj
         common.dir\Debug\lowres.obj
         common.dir\Debug\piclist.obj
         common.dir\Debug\predict.obj
         common.dir\Debug\scalinglist.obj
         common.dir\Debug\quant.obj
         common.dir\Debug\deblock.obj
         common.vcxproj -> C:\Users\YuqiaoDeng\Desktop\x265_2.2\build\vc12-x86\common\common.dir\Debug\common.lib
     1>已完成生成项目“C:\Users\YuqiaoDeng\Desktop\x265_2.2\build\vc12-x86\common\common.vcxproj”(Rebuild 个目标)的操作。

生成成功。

已用时间 00:00:14.42
