c:\users\yuqiaodeng\desktop\x265_2.2\build\vc12-x86\common\common.dir\debug\vec-primitives.obj
c:\users\yuqiaodeng\desktop\x265_2.2\build\vc12-x86\common\common.dir\debug\dct.obj
c:\users\yuqiaodeng\desktop\x265_2.2\build\vc12-x86\common\common.dir\debug\cpu.obj
c:\users\yuqiaodeng\desktop\x265_2.2\build\vc12-x86\common\common.dir\debug\wavefront.obj
c:\users\yuqiaodeng\desktop\x265_2.2\build\vc12-x86\common\common.dir\debug\param.obj
c:\users\yuqiaodeng\desktop\x265_2.2\build\vc12-x86\common\common.dir\debug\slice.obj
c:\users\yuqiaodeng\desktop\x265_2.2\build\vc12-x86\common\common.dir\debug\scalinglist.obj
c:\users\yuqiaodeng\desktop\x265_2.2\build\vc12-x86\common\common.dir\debug\deblock.obj
c:\users\yuqiaodeng\desktop\x265_2.2\build\vc12-x86\common\common.dir\debug\asm-primitives.obj
c:\users\yuqiaodeng\desktop\x265_2.2\build\vc12-x86\common\common.dir\debug\ipfilter.obj
c:\users\yuqiaodeng\desktop\x265_2.2\build\vc12-x86\common\common.dir\debug\loopfilter.obj
c:\users\yuqiaodeng\desktop\x265_2.2\build\vc12-x86\common\common.dir\debug\md5.obj
c:\users\yuqiaodeng\desktop\x265_2.2\build\vc12-x86\common\common.dir\debug\shortyuv.obj
c:\users\yuqiaodeng\desktop\x265_2.2\build\vc12-x86\common\common.dir\debug\picyuv.obj
c:\users\yuqiaodeng\desktop\x265_2.2\build\vc12-x86\common\common.dir\debug\framedata.obj
c:\users\yuqiaodeng\desktop\x265_2.2\build\vc12-x86\common\common.dir\debug\lowres.obj
c:\users\yuqiaodeng\desktop\x265_2.2\build\vc12-x86\common\common.dir\debug\predict.obj
c:\users\yuqiaodeng\desktop\x265_2.2\build\vc12-x86\common\common.dir\debug\pixel.obj
c:\users\yuqiaodeng\desktop\x265_2.2\build\vc12-x86\common\common.dir\debug\threadpool.obj
c:\users\yuqiaodeng\desktop\x265_2.2\build\vc12-x86\common\common.dir\debug\yuv.obj
c:\users\yuqiaodeng\desktop\x265_2.2\build\vc12-x86\common\common.dir\debug\common.obj
c:\users\yuqiaodeng\desktop\x265_2.2\build\vc12-x86\common\common.dir\debug\cudata.obj
c:\users\yuqiaodeng\desktop\x265_2.2\build\vc12-x86\common\common.dir\debug\quant.obj
c:\users\yuqiaodeng\desktop\x265_2.2\build\vc12-x86\common\common.dir\debug\winxp.obj
c:\users\yuqiaodeng\desktop\x265_2.2\build\vc12-x86\common\common.dir\debug\intrapred.obj
c:\users\yuqiaodeng\desktop\x265_2.2\build\vc12-x86\common\common.dir\debug\constants.obj
c:\users\yuqiaodeng\desktop\x265_2.2\build\vc12-x86\common\common.dir\debug\bitstream.obj
c:\users\yuqiaodeng\desktop\x265_2.2\build\vc12-x86\common\common.dir\debug\frame.obj
c:\users\yuqiaodeng\desktop\x265_2.2\build\vc12-x86\common\common.dir\debug\piclist.obj
c:\users\yuqiaodeng\desktop\x265_2.2\build\vc12-x86\common\common.dir\debug\vc120.pdb
c:\users\yuqiaodeng\desktop\x265_2.2\build\vc12-x86\common\common.dir\debug\dct-sse41.obj
c:\users\yuqiaodeng\desktop\x265_2.2\build\vc12-x86\common\common.dir\debug\dct-sse3.obj
c:\users\yuqiaodeng\desktop\x265_2.2\build\vc12-x86\common\common.dir\debug\dct-ssse3.obj
c:\users\yuqiaodeng\desktop\x265_2.2\build\vc12-x86\common\common.dir\debug\threading.obj
c:\users\yuqiaodeng\desktop\x265_2.2\build\vc12-x86\common\common.dir\debug\primitives.obj
c:\users\yuqiaodeng\desktop\x265_2.2\build\vc12-x86\common\common.dir\debug\version.obj
c:\users\yuqiaodeng\desktop\x265_2.2\build\vc12-x86\common\cmakefiles\generate.stamp
c:\users\yuqiaodeng\desktop\x265_2.2\build\vc12-x86\common\common.dir\debug\common.lib
c:\users\yuqiaodeng\desktop\x265_2.2\build\vc12-x86\common\common.dir\debug\common.tlog\cl.command.1.tlog
c:\users\yuqiaodeng\desktop\x265_2.2\build\vc12-x86\common\common.dir\debug\common.tlog\cl.read.1.tlog
c:\users\yuqiaodeng\desktop\x265_2.2\build\vc12-x86\common\common.dir\debug\common.tlog\cl.write.1.tlog
c:\users\yuqiaodeng\desktop\x265_2.2\build\vc12-x86\common\common.dir\debug\common.tlog\custombuild.command.1.tlog
c:\users\yuqiaodeng\desktop\x265_2.2\build\vc12-x86\common\common.dir\debug\common.tlog\custombuild.read.1.tlog
c:\users\yuqiaodeng\desktop\x265_2.2\build\vc12-x86\common\common.dir\debug\common.tlog\custombuild.write.1.tlog
c:\users\yuqiaodeng\desktop\x265_2.2\build\vc12-x86\common\common.dir\debug\common.tlog\lib-link.read.1.tlog
c:\users\yuqiaodeng\desktop\x265_2.2\build\vc12-x86\common\common.dir\debug\common.tlog\lib-link.write.1.tlog
c:\users\yuqiaodeng\desktop\x265_2.2\build\vc12-x86\common\common.dir\debug\common.tlog\lib.command.1.tlog
