c:\users\yuqiaodeng\desktop\x265_2.2\build\vc12-x86\encoder\encoder.dir\debug\slicetype.obj
c:\users\yuqiaodeng\desktop\x265_2.2\build\vc12-x86\encoder\encoder.dir\debug\entropy.obj
c:\users\yuqiaodeng\desktop\x265_2.2\build\vc12-x86\encoder\encoder.dir\debug\weightprediction.obj
c:\users\yuqiaodeng\desktop\x265_2.2\build\vc12-x86\encoder\encoder.dir\debug\nal.obj
c:\users\yuqiaodeng\desktop\x265_2.2\build\vc12-x86\encoder\encoder.dir\debug\dpb.obj
c:\users\yuqiaodeng\desktop\x265_2.2\build\vc12-x86\encoder\encoder.dir\debug\bitcost.obj
c:\users\yuqiaodeng\desktop\x265_2.2\build\vc12-x86\encoder\encoder.dir\debug\sei.obj
c:\users\yuqiaodeng\desktop\x265_2.2\build\vc12-x86\encoder\encoder.dir\debug\ratecontrol.obj
c:\users\yuqiaodeng\desktop\x265_2.2\build\vc12-x86\encoder\encoder.dir\debug\motion.obj
c:\users\yuqiaodeng\desktop\x265_2.2\build\vc12-x86\encoder\encoder.dir\debug\level.obj
c:\users\yuqiaodeng\desktop\x265_2.2\build\vc12-x86\encoder\encoder.dir\debug\reference.obj
c:\users\yuqiaodeng\desktop\x265_2.2\build\vc12-x86\encoder\encoder.dir\debug\api.obj
c:\users\yuqiaodeng\desktop\x265_2.2\build\vc12-x86\encoder\cmakefiles\generate.stamp
c:\users\yuqiaodeng\desktop\x265_2.2\build\vc12-x86\encoder\encoder.dir\debug\vc120.pdb
c:\users\yuqiaodeng\desktop\x265_2.2\build\vc12-x86\encoder\encoder.dir\debug\encoder.tlog\cl.command.1.tlog
c:\users\yuqiaodeng\desktop\x265_2.2\build\vc12-x86\encoder\encoder.dir\debug\encoder.tlog\cl.read.1.tlog
c:\users\yuqiaodeng\desktop\x265_2.2\build\vc12-x86\encoder\encoder.dir\debug\encoder.tlog\cl.write.1.tlog
c:\users\yuqiaodeng\desktop\x265_2.2\build\vc12-x86\encoder\encoder.dir\debug\encoder.tlog\custombuild.command.1.tlog
c:\users\yuqiaodeng\desktop\x265_2.2\build\vc12-x86\encoder\encoder.dir\debug\encoder.tlog\custombuild.read.1.tlog
c:\users\yuqiaodeng\desktop\x265_2.2\build\vc12-x86\encoder\encoder.dir\debug\encoder.tlog\custombuild.write.1.tlog
