生成启动时间为 2017/1/3 21:21:52。
     1>项目“C:\Users\YuqiaoDeng\Desktop\x265\build\vc12-x86_64\cli.vcxproj”在节点 2 上(Build 个目标)。
     1>CustomBuild:
         Building Custom Rule C:/Users/YuqiaoDeng/Desktop/x265/source/CMakeLists.txt
         CMake does not need to re-run because C:\Users\YuqiaoDeng\Desktop\x265\build\vc12-x86_64\CMakeFiles\generate.stamp is up-to-date.
       ClCompile:
         D:\Microsoft Visual Studio 12.0\VC\bin\x86_amd64\CL.exe /c /IC:\Users\YuqiaoDeng\Desktop\x265\source\. /IC:\Users\YuqiaoDeng\Desktop\x265\source\common /IC:\Users\YuqiaoDeng\Desktop\x265\source\encoder /I"C:\Users\YuqiaoDeng\Desktop\x265\build\vc12-x86_64" /IC:\Users\YuqiaoDeng\Desktop\x265\source\compat\getopt /nologo /W4 /WX- /MP /O2 /Ob2 /D WIN32 /D _WINDOWS /D NDEBUG /D X265_ARCH_X86=1 /D X86_64=1 /D _CRT_SECURE_NO_WARNINGS /D HAVE_INT_TYPES_H=1 /D HIGH_BIT_DEPTH=0 /D X265_DEPTH=8 /D EXPORT_C_API=1 /D X265_NS=x265 /D _WIN32_WINNT=_WIN32_WINNT_WIN7 /D "CMAKE_INTDIR=\"Release\"" /D _MBCS /Gm- /EHsc /MD /GS /fp:precise /Zc:wchar_t /Zc:forScope /GR /Fo"cli.dir\Release\\" /Fd"cli.dir\Release\vc120.pdb" /Gd /TP /errorReport:prompt C:\Users\YuqiaoDeng\Desktop\x265\source\input\input.cpp C:\Users\YuqiaoDeng\Desktop\x265\source\output\output.cpp C:\Users\YuqiaoDeng\Desktop\x265\source\output\reconplay.cpp C:\Users\YuqiaoDeng\Desktop\x265\source\output\raw.cpp C:\Users\YuqiaoDeng\Desktop\x265\source\x265.cpp "C:\Users\YuqiaoDeng\Desktop\x265\source\x265-extras.cpp"
         input.cpp
         output.cpp
         reconplay.cpp
         raw.cpp
         x265.cpp
         x265-extras.cpp
         D:\Microsoft Visual Studio 12.0\VC\bin\x86_amd64\CL.exe /c /IC:\Users\YuqiaoDeng\Desktop\x265\source\. /IC:\Users\YuqiaoDeng\Desktop\x265\source\common /IC:\Users\YuqiaoDeng\Desktop\x265\source\encoder /I"C:\Users\YuqiaoDeng\Desktop\x265\build\vc12-x86_64" /IC:\Users\YuqiaoDeng\Desktop\x265\source\compat\getopt /nologo /W4 /WX- /MP /O2 /Ob2 /D WIN32 /D _WINDOWS /D NDEBUG /D X265_ARCH_X86=1 /D X86_64=1 /D _CRT_SECURE_NO_WARNINGS /D HAVE_INT_TYPES_H=1 /D HIGH_BIT_DEPTH=0 /D X265_DEPTH=8 /D EXPORT_C_API=1 /D X265_NS=x265 /D _WIN32_WINNT=_WIN32_WINNT_WIN7 /D "CMAKE_INTDIR=\"Release\"" /D _MBCS /Gm- /EHsc /MD /GS /fp:precise /Zc:wchar_t /Zc:forScope /GR /Fo"cli.dir\Release\/input/yuv.cpp.obj" /Fd"cli.dir\Release\vc120.pdb" /Gd /TP /errorReport:prompt C:\Users\YuqiaoDeng\Desktop\x265\source\input\yuv.cpp
         yuv.cpp
         D:\Microsoft Visual Studio 12.0\VC\bin\x86_amd64\CL.exe /c /IC:\Users\YuqiaoDeng\Desktop\x265\source\. /IC:\Users\YuqiaoDeng\Desktop\x265\source\common /IC:\Users\YuqiaoDeng\Desktop\x265\source\encoder /I"C:\Users\YuqiaoDeng\Desktop\x265\build\vc12-x86_64" /IC:\Users\YuqiaoDeng\Desktop\x265\source\compat\getopt /nologo /W4 /WX- /MP /O2 /Ob2 /D WIN32 /D _WINDOWS /D NDEBUG /D X265_ARCH_X86=1 /D X86_64=1 /D _CRT_SECURE_NO_WARNINGS /D HAVE_INT_TYPES_H=1 /D HIGH_BIT_DEPTH=0 /D X265_DEPTH=8 /D EXPORT_C_API=1 /D X265_NS=x265 /D _WIN32_WINNT=_WIN32_WINNT_WIN7 /D "CMAKE_INTDIR=\"Release\"" /D _MBCS /Gm- /EHsc /MD /GS /fp:precise /Zc:wchar_t /Zc:forScope /GR /Fo"cli.dir\Release\/input/y4m.cpp.obj" /Fd"cli.dir\Release\vc120.pdb" /Gd /TP /errorReport:prompt C:\Users\YuqiaoDeng\Desktop\x265\source\input\y4m.cpp
         y4m.cpp
         D:\Microsoft Visual Studio 12.0\VC\bin\x86_amd64\CL.exe /c /IC:\Users\YuqiaoDeng\Desktop\x265\source\. /IC:\Users\YuqiaoDeng\Desktop\x265\source\common /IC:\Users\YuqiaoDeng\Desktop\x265\source\encoder /I"C:\Users\YuqiaoDeng\Desktop\x265\build\vc12-x86_64" /IC:\Users\YuqiaoDeng\Desktop\x265\source\compat\getopt /nologo /W4 /WX- /MP /O2 /Ob2 /D WIN32 /D _WINDOWS /D NDEBUG /D X265_ARCH_X86=1 /D X86_64=1 /D _CRT_SECURE_NO_WARNINGS /D HAVE_INT_TYPES_H=1 /D HIGH_BIT_DEPTH=0 /D X265_DEPTH=8 /D EXPORT_C_API=1 /D X265_NS=x265 /D _WIN32_WINNT=_WIN32_WINNT_WIN7 /D "CMAKE_INTDIR=\"Release\"" /D _MBCS /Gm- /EHsc /MD /GS /fp:precise /Zc:wchar_t /Zc:forScope /GR /Fo"cli.dir\Release\/output/yuv.cpp.obj" /Fd"cli.dir\Release\vc120.pdb" /Gd /TP /errorReport:prompt C:\Users\YuqiaoDeng\Desktop\x265\source\output\yuv.cpp
         yuv.cpp
         D:\Microsoft Visual Studio 12.0\VC\bin\x86_amd64\CL.exe /c /IC:\Users\YuqiaoDeng\Desktop\x265\source\. /IC:\Users\YuqiaoDeng\Desktop\x265\source\common /IC:\Users\YuqiaoDeng\Desktop\x265\source\encoder /I"C:\Users\YuqiaoDeng\Desktop\x265\build\vc12-x86_64" /IC:\Users\YuqiaoDeng\Desktop\x265\source\compat\getopt /nologo /W4 /WX- /MP /O2 /Ob2 /D WIN32 /D _WINDOWS /D NDEBUG /D X265_ARCH_X86=1 /D X86_64=1 /D _CRT_SECURE_NO_WARNINGS /D HAVE_INT_TYPES_H=1 /D HIGH_BIT_DEPTH=0 /D X265_DEPTH=8 /D EXPORT_C_API=1 /D X265_NS=x265 /D _WIN32_WINNT=_WIN32_WINNT_WIN7 /D "CMAKE_INTDIR=\"Release\"" /D _MBCS /Gm- /EHsc /MD /GS /fp:precise /Zc:wchar_t /Zc:forScope /GR /Fo"cli.dir\Release\/output/y4m.cpp.obj" /Fd"cli.dir\Release\vc120.pdb" /Gd /TP /errorReport:prompt C:\Users\YuqiaoDeng\Desktop\x265\source\output\y4m.cpp
         y4m.cpp
         D:\Microsoft Visual Studio 12.0\VC\bin\x86_amd64\CL.exe /c /IC:\Users\YuqiaoDeng\Desktop\x265\source\. /IC:\Users\YuqiaoDeng\Desktop\x265\source\common /IC:\Users\YuqiaoDeng\Desktop\x265\source\encoder /I"C:\Users\YuqiaoDeng\Desktop\x265\build\vc12-x86_64" /IC:\Users\YuqiaoDeng\Desktop\x265\source\compat\getopt /nologo /W4 /WX- /MP /O2 /Ob2 /D HAVE_STRING_H=1 /D WIN32 /D _WINDOWS /D NDEBUG /D X265_ARCH_X86=1 /D X86_64=1 /D _CRT_SECURE_NO_WARNINGS /D HAVE_INT_TYPES_H=1 /D HIGH_BIT_DEPTH=0 /D X265_DEPTH=8 /D EXPORT_C_API=1 /D X265_NS=x265 /D _WIN32_WINNT=_WIN32_WINNT_WIN7 /D "CMAKE_INTDIR=\"Release\"" /D _MBCS /Gm- /EHsc /MD /GS /fp:precise /Zc:wchar_t /Zc:forScope /GR /Fo"cli.dir\Release\\" /Fd"cli.dir\Release\vc120.pdb" /Gd /TC /wd4100 /wd4131 /errorReport:prompt C:\Users\YuqiaoDeng\Desktop\x265\source\compat\getopt\getopt.c
         getopt.c
       ResourceCompile:
         C:\Program Files (x86)\Windows Kits\8.1\bin\x86\rc.exe /D WIN32 /D _WINDOWS /D NDEBUG /D X265_ARCH_X86=1 /D X86_64=1 /D _CRT_SECURE_NO_WARNINGS /D HAVE_INT_TYPES_H=1 /D HIGH_BIT_DEPTH=0 /D X265_DEPTH=8 /D EXPORT_C_API=1 /D X265_NS=x265 /D _WIN32_WINNT=_WIN32_WINNT_WIN7 /D "CMAKE_INTDIR=\\\"Release\\\"" /l"0x0409" /IC:\Users\YuqiaoDeng\Desktop\x265\source\. /IC:\Users\YuqiaoDeng\Desktop\x265\source\common /IC:\Users\YuqiaoDeng\Desktop\x265\source\encoder /I"C:\Users\YuqiaoDeng\Desktop\x265\build\vc12-x86_64" /IC:\Users\YuqiaoDeng\Desktop\x265\source\compat\getopt /nologo /fo"cli.dir\Release\x265.res" C:\Users\YuqiaoDeng\Desktop\x265\build\vc12-x86_64\x265.rc 
       Link:
         D:\Microsoft Visual Studio 12.0\VC\bin\x86_amd64\link.exe /ERRORREPORT:PROMPT /OUT:"C:\Users\YuqiaoDeng\Desktop\x265\build\vc12-x86_64\Release\x265.exe" /INCREMENTAL:NO /NOLOGO kernel32.lib user32.lib gdi32.lib winspool.lib shell32.lib ole32.lib oleaut32.lib uuid.lib comdlg32.lib advapi32.lib "Release\x265-static.lib" /DEF:"C:/Users/YuqiaoDeng/Desktop/x265/build/vc12-x86_64/x265.def" /MANIFEST /MANIFESTUAC:"level='asInvoker' uiAccess='false'" /manifest:embed /PDB:"C:/Users/YuqiaoDeng/Desktop/x265/build/vc12-x86_64/Release/x265.pdb" /SUBSYSTEM:CONSOLE /TLBID:1 /DYNAMICBASE /NXCOMPAT /IMPLIB:"C:/Users/YuqiaoDeng/Desktop/x265/build/vc12-x86_64/Release/x265.lib" /MACHINE:X64  /machine:x64 cli.dir\Release\x265.res
         cli.dir\Release\input.obj
         cli.dir\Release\output.obj
         cli.dir\Release\reconplay.obj
         cli.dir\Release\raw.obj
         cli.dir\Release\getopt.obj
         cli.dir\Release\x265.obj
         "cli.dir\Release\x265-extras.obj"
         cli.dir\Release\/input/yuv.cpp.obj
         cli.dir\Release\/input/y4m.cpp.obj
         cli.dir\Release\/output/yuv.cpp.obj
         cli.dir\Release\/output/y4m.cpp.obj
     1>LINK : fatal error LNK1181: 无法打开输入文件“Release\x265-static.lib”
     1>已完成生成项目“C:\Users\YuqiaoDeng\Desktop\x265\build\vc12-x86_64\cli.vcxproj”(Build 个目标)的操作 - 失败。

生成失败。

已用时间 00:00:11.57
