生成启动时间为 2017/1/8 9:40:43。
     1>项目“C:\Users\YuqiaoDeng\Desktop\x265_2.2\build\vc12-x86\cli.vcxproj”在节点 3 上(Rebuild 个目标)。
     1>CustomBuild:
         Building Custom Rule C:/Users/YuqiaoDeng/Desktop/x265_2.2/source/CMakeLists.txt
         CMake does not need to re-run because C:\Users\YuqiaoDeng\Desktop\x265_2.2\build\vc12-x86\CMakeFiles\generate.stamp is up-to-date.
       ClCompile:
         D:\Microsoft Visual Studio 12.0\VC\bin\CL.exe /c /IC:\Users\YuqiaoDeng\Desktop\x265_2.2\source\. /IC:\Users\YuqiaoDeng\Desktop\x265_2.2\source\common /IC:\Users\YuqiaoDeng\Desktop\x265_2.2\source\encoder /I"C:\Users\YuqiaoDeng\Desktop\x265_2.2\build\vc12-x86" /IC:\Users\YuqiaoDeng\Desktop\x265_2.2\source\compat\getopt /Zi /nologo /W4 /WX- /MP /Od /Ob2 /Oy- /D WIN32 /D _WINDOWS /D _DEBUG /D X265_ARCH_X86=1 /D _CRT_SECURE_NO_WARNINGS /D HAVE_INT_TYPES_H=1 /D HIGH_BIT_DEPTH=0 /D X265_DEPTH=8 /D EXPORT_C_API=1 /D X265_NS=x265 /D _WIN32_WINNT=_WIN32_WINNT_WIN7 /D "CMAKE_INTDIR=\"Debug\"" /D _MBCS /Gm- /EHsc /RTC1 /MDd /GS /fp:precise /Zc:wchar_t /Zc:forScope /GR /Fo"cli.dir\Debug\\" /Fd"cli.dir\Debug\vc120.pdb" /Gd /TP /analyze- /errorReport:prompt C:\Users\YuqiaoDeng\Desktop\x265_2.2\source\input\input.cpp C:\Users\YuqiaoDeng\Desktop\x265_2.2\source\output\output.cpp C:\Users\YuqiaoDeng\Desktop\x265_2.2\source\output\reconplay.cpp C:\Users\YuqiaoDeng\Desktop\x265_2.2\source\output\raw.cpp C:\Users\YuqiaoDeng\Desktop\x265_2.2\source\x265.cpp "C:\Users\YuqiaoDeng\Desktop\x265_2.2\source\x265-extras.cpp"
         input.cpp
         output.cpp
         reconplay.cpp
         raw.cpp
         x265.cpp
         x265-extras.cpp
         D:\Microsoft Visual Studio 12.0\VC\bin\CL.exe /c /IC:\Users\YuqiaoDeng\Desktop\x265_2.2\source\. /IC:\Users\YuqiaoDeng\Desktop\x265_2.2\source\common /IC:\Users\YuqiaoDeng\Desktop\x265_2.2\source\encoder /I"C:\Users\YuqiaoDeng\Desktop\x265_2.2\build\vc12-x86" /IC:\Users\YuqiaoDeng\Desktop\x265_2.2\source\compat\getopt /Zi /nologo /W4 /WX- /MP /Od /Ob2 /Oy- /D WIN32 /D _WINDOWS /D _DEBUG /D X265_ARCH_X86=1 /D _CRT_SECURE_NO_WARNINGS /D HAVE_INT_TYPES_H=1 /D HIGH_BIT_DEPTH=0 /D X265_DEPTH=8 /D EXPORT_C_API=1 /D X265_NS=x265 /D _WIN32_WINNT=_WIN32_WINNT_WIN7 /D "CMAKE_INTDIR=\"Debug\"" /D _MBCS /Gm- /EHsc /RTC1 /MDd /GS /fp:precise /Zc:wchar_t /Zc:forScope /GR /Fo"cli.dir\Debug\/input/yuv.cpp.obj" /Fd"cli.dir\Debug\vc120.pdb" /Gd /TP /analyze- /errorReport:prompt C:\Users\YuqiaoDeng\Desktop\x265_2.2\source\input\yuv.cpp
         yuv.cpp
         D:\Microsoft Visual Studio 12.0\VC\bin\CL.exe /c /IC:\Users\YuqiaoDeng\Desktop\x265_2.2\source\. /IC:\Users\YuqiaoDeng\Desktop\x265_2.2\source\common /IC:\Users\YuqiaoDeng\Desktop\x265_2.2\source\encoder /I"C:\Users\YuqiaoDeng\Desktop\x265_2.2\build\vc12-x86" /IC:\Users\YuqiaoDeng\Desktop\x265_2.2\source\compat\getopt /Zi /nologo /W4 /WX- /MP /Od /Ob2 /Oy- /D WIN32 /D _WINDOWS /D _DEBUG /D X265_ARCH_X86=1 /D _CRT_SECURE_NO_WARNINGS /D HAVE_INT_TYPES_H=1 /D HIGH_BIT_DEPTH=0 /D X265_DEPTH=8 /D EXPORT_C_API=1 /D X265_NS=x265 /D _WIN32_WINNT=_WIN32_WINNT_WIN7 /D "CMAKE_INTDIR=\"Debug\"" /D _MBCS /Gm- /EHsc /RTC1 /MDd /GS /fp:precise /Zc:wchar_t /Zc:forScope /GR /Fo"cli.dir\Debug\/input/y4m.cpp.obj" /Fd"cli.dir\Debug\vc120.pdb" /Gd /TP /analyze- /errorReport:prompt C:\Users\YuqiaoDeng\Desktop\x265_2.2\source\input\y4m.cpp
         y4m.cpp
         D:\Microsoft Visual Studio 12.0\VC\bin\CL.exe /c /IC:\Users\YuqiaoDeng\Desktop\x265_2.2\source\. /IC:\Users\YuqiaoDeng\Desktop\x265_2.2\source\common /IC:\Users\YuqiaoDeng\Desktop\x265_2.2\source\encoder /I"C:\Users\YuqiaoDeng\Desktop\x265_2.2\build\vc12-x86" /IC:\Users\YuqiaoDeng\Desktop\x265_2.2\source\compat\getopt /Zi /nologo /W4 /WX- /MP /Od /Ob2 /Oy- /D WIN32 /D _WINDOWS /D _DEBUG /D X265_ARCH_X86=1 /D _CRT_SECURE_NO_WARNINGS /D HAVE_INT_TYPES_H=1 /D HIGH_BIT_DEPTH=0 /D X265_DEPTH=8 /D EXPORT_C_API=1 /D X265_NS=x265 /D _WIN32_WINNT=_WIN32_WINNT_WIN7 /D "CMAKE_INTDIR=\"Debug\"" /D _MBCS /Gm- /EHsc /RTC1 /MDd /GS /fp:precise /Zc:wchar_t /Zc:forScope /GR /Fo"cli.dir\Debug\/output/yuv.cpp.obj" /Fd"cli.dir\Debug\vc120.pdb" /Gd /TP /analyze- /errorReport:prompt C:\Users\YuqiaoDeng\Desktop\x265_2.2\source\output\yuv.cpp
         yuv.cpp
         D:\Microsoft Visual Studio 12.0\VC\bin\CL.exe /c /IC:\Users\YuqiaoDeng\Desktop\x265_2.2\source\. /IC:\Users\YuqiaoDeng\Desktop\x265_2.2\source\common /IC:\Users\YuqiaoDeng\Desktop\x265_2.2\source\encoder /I"C:\Users\YuqiaoDeng\Desktop\x265_2.2\build\vc12-x86" /IC:\Users\YuqiaoDeng\Desktop\x265_2.2\source\compat\getopt /Zi /nologo /W4 /WX- /MP /Od /Ob2 /Oy- /D WIN32 /D _WINDOWS /D _DEBUG /D X265_ARCH_X86=1 /D _CRT_SECURE_NO_WARNINGS /D HAVE_INT_TYPES_H=1 /D HIGH_BIT_DEPTH=0 /D X265_DEPTH=8 /D EXPORT_C_API=1 /D X265_NS=x265 /D _WIN32_WINNT=_WIN32_WINNT_WIN7 /D "CMAKE_INTDIR=\"Debug\"" /D _MBCS /Gm- /EHsc /RTC1 /MDd /GS /fp:precise /Zc:wchar_t /Zc:forScope /GR /Fo"cli.dir\Debug\/output/y4m.cpp.obj" /Fd"cli.dir\Debug\vc120.pdb" /Gd /TP /analyze- /errorReport:prompt C:\Users\YuqiaoDeng\Desktop\x265_2.2\source\output\y4m.cpp
         y4m.cpp
         D:\Microsoft Visual Studio 12.0\VC\bin\CL.exe /c /IC:\Users\YuqiaoDeng\Desktop\x265_2.2\source\. /IC:\Users\YuqiaoDeng\Desktop\x265_2.2\source\common /IC:\Users\YuqiaoDeng\Desktop\x265_2.2\source\encoder /I"C:\Users\YuqiaoDeng\Desktop\x265_2.2\build\vc12-x86" /IC:\Users\YuqiaoDeng\Desktop\x265_2.2\source\compat\getopt /Zi /nologo /W4 /WX- /MP /Od /Ob2 /Oy- /D HAVE_STRING_H=1 /D WIN32 /D _WINDOWS /D _DEBUG /D X265_ARCH_X86=1 /D _CRT_SECURE_NO_WARNINGS /D HAVE_INT_TYPES_H=1 /D HIGH_BIT_DEPTH=0 /D X265_DEPTH=8 /D EXPORT_C_API=1 /D X265_NS=x265 /D _WIN32_WINNT=_WIN32_WINNT_WIN7 /D "CMAKE_INTDIR=\"Debug\"" /D _MBCS /Gm- /EHsc /RTC1 /MDd /GS /fp:precise /Zc:wchar_t /Zc:forScope /GR /Fo"cli.dir\Debug\\" /Fd"cli.dir\Debug\vc120.pdb" /Gd /TC /wd4100 /wd4131 /analyze- /errorReport:prompt C:\Users\YuqiaoDeng\Desktop\x265_2.2\source\compat\getopt\getopt.c
         getopt.c
       ResourceCompile:
         C:\Program Files (x86)\Windows Kits\8.1\bin\x86\rc.exe /D WIN32 /D _WINDOWS /D _DEBUG /D X265_ARCH_X86=1 /D _CRT_SECURE_NO_WARNINGS /D HAVE_INT_TYPES_H=1 /D HIGH_BIT_DEPTH=0 /D X265_DEPTH=8 /D EXPORT_C_API=1 /D X265_NS=x265 /D _WIN32_WINNT=_WIN32_WINNT_WIN7 /D "CMAKE_INTDIR=\\\"Debug\\\"" /l"0x0409" /IC:\Users\YuqiaoDeng\Desktop\x265_2.2\source\. /IC:\Users\YuqiaoDeng\Desktop\x265_2.2\source\common /IC:\Users\YuqiaoDeng\Desktop\x265_2.2\source\encoder /I"C:\Users\YuqiaoDeng\Desktop\x265_2.2\build\vc12-x86" /IC:\Users\YuqiaoDeng\Desktop\x265_2.2\source\compat\getopt /nologo /fo"cli.dir\Debug\x265.res" C:\Users\YuqiaoDeng\Desktop\x265_2.2\build\vc12-x86\x265.rc 
       Link:
         D:\Microsoft Visual Studio 12.0\VC\bin\link.exe /ERRORREPORT:PROMPT /OUT:"C:\Users\YuqiaoDeng\Desktop\x265_2.2\build\vc12-x86\Debug\x265.exe" /INCREMENTAL /NOLOGO kernel32.lib user32.lib gdi32.lib winspool.lib shell32.lib ole32.lib oleaut32.lib uuid.lib comdlg32.lib advapi32.lib "Debug\x265-static.lib" /DEF:"C:/Users/YuqiaoDeng/Desktop/x265_2.2/build/vc12-x86/x265.def" /MANIFEST /MANIFESTUAC:"level='asInvoker' uiAccess='false'" /manifest:embed /DEBUG /PDB:"C:/Users/YuqiaoDeng/Desktop/x265_2.2/build/vc12-x86/Debug/x265.pdb" /SUBSYSTEM:CONSOLE /TLBID:1 /DYNAMICBASE /NXCOMPAT /IMPLIB:"C:/Users/YuqiaoDeng/Desktop/x265_2.2/build/vc12-x86/Debug/x265.lib" /MACHINE:X86 /SAFESEH  /machine:X86 cli.dir\Debug\x265.res
         cli.dir\Debug\input.obj
         cli.dir\Debug\output.obj
         cli.dir\Debug\reconplay.obj
         cli.dir\Debug\raw.obj
         cli.dir\Debug\getopt.obj
         cli.dir\Debug\x265.obj
         "cli.dir\Debug\x265-extras.obj"
         cli.dir\Debug\/input/yuv.cpp.obj
         cli.dir\Debug\/input/y4m.cpp.obj
         cli.dir\Debug\/output/yuv.cpp.obj
         cli.dir\Debug\/output/y4m.cpp.obj
            正在创建库 C:/Users/YuqiaoDeng/Desktop/x265_2.2/build/vc12-x86/Debug/x265.lib 和对象 C:/Users/YuqiaoDeng/Desktop/x265_2.2/build/vc12-x86/Debug/x265.exp
         cli.vcxproj -> C:\Users\YuqiaoDeng\Desktop\x265_2.2\build\vc12-x86\Debug\x265.exe
     1>已完成生成项目“C:\Users\YuqiaoDeng\Desktop\x265_2.2\build\vc12-x86\cli.vcxproj”(Rebuild 个目标)的操作。

生成成功。

已用时间 00:00:06.57
